[2025-06-08 12:43:40] Starting scan for 10.129.185.247
[2025-06-08 12:43:40] Pinging target...
[2025-06-08 12:43:42] Ping successful - host appears to be up
[2025-06-08 12:43:42] Starting initial port scan...
[2025-06-08 12:44:50] Found open ports: 21,80
[2025-06-08 12:44:50] Starting detailed scan on open ports...
[2025-06-08 12:45:01] Scan completed successfully
[2025-06-08 12:45:01] Results saved to:
[2025-06-08 12:45:01]   - Quick scan: port_scan_20250608_124340.log
[2025-06-08 12:45:01]   - Detailed scan: port_scan_20250608_124340.log.detailed
# Nmap 7.94SVN scan initiated Sun Jun  8 12:44:50 2025 as: nmap -Pn -T4 -sV -sC -p 21,80 -oN port_scan_20250608_124340.log.detailed 10.129.185.247
Nmap scan report for 10.129.185.247
Host is up (0.092s latency).

PORT   STATE SERVICE VERSION
21/tcp open  ftp     vsftpd 3.0.3
| ftp-anon: Anonymous FTP login allowed (FTP code 230)
| -rw-r--r--    1 ftp      ftp            33 Jun 08  2021 allowed.userlist
|_-rw-r--r--    1 ftp      ftp            62 Apr 20  2021 allowed.userlist.passwd
| ftp-syst: 
|   STAT: 
| FTP server status:
|      Connected to ::ffff:10.10.14.170
|      Logged in as ftp
|      TYPE: ASCII
|      No session bandwidth limit
|      Session timeout in seconds is 300
|      Control connection is plain text
|      Data connections will be plain text
|      At session startup, client count was 4
|      vsFTPd 3.0.3 - secure, fast, stable
|_End of status
80/tcp open  http    Apache httpd 2.4.41 ((Ubuntu))
|_http-server-header: Apache/2.4.41 (Ubuntu)
|_http-title: Smash - Bootstrap Business Template
Service Info: OS: Unix

Service detection performed. Please report any incorrect results at https://nmap.org/submit/ .
# Nmap done at Sun Jun  8 12:45:01 2025 -- 1 IP address (1 host up) scanned in 11.04 seconds
